#! /usr/bin/vvp
:ivl_version "10.3 (stable)";
:ivl_delay_selection "TYPICAL";
:vpi_time_precision + 0;
:vpi_module "system";
:vpi_module "vhdl_sys";
:vpi_module "v2005_math";
:vpi_module "va_math";
S_0x55fee029e2c0 .scope module, "tb_mux" "tb_mux" 2 2;
 .timescale 0 0;
v0x55fee02b23f0_0 .var "Data_in_0", 0 0;
v0x55fee02b24b0_0 .var "Data_in_1", 0 0;
v0x55fee02b2580_0 .net "Data_out", 0 0, v0x55fee02b21b0_0;  1 drivers
v0x55fee02b2680_0 .var "sel", 0 0;
S_0x55fee029e440 .scope module, "uut" "mux2to1" 2 13, 3 2 0, S_0x55fee029e2c0;
 .timescale 0 0;
    .port_info 0 /INPUT 1 "Data_in_0"
    .port_info 1 /INPUT 1 "Data_in_1"
    .port_info 2 /INPUT 1 "sel"
    .port_info 3 /OUTPUT 1 "Data_out"
v0x55fee02680c0_0 .net "Data_in_0", 0 0, v0x55fee02b23f0_0;  1 drivers
v0x55fee02b20f0_0 .net "Data_in_1", 0 0, v0x55fee02b24b0_0;  1 drivers
v0x55fee02b21b0_0 .var "Data_out", 0 0;
v0x55fee02b2280_0 .net "sel", 0 0, v0x55fee02b2680_0;  1 drivers
E_0x55fee029ea60 .event edge, v0x55fee02b2280_0, v0x55fee02b20f0_0, v0x55fee02680c0_0;
    .scope S_0x55fee029e440;
T_0 ;
    %wait E_0x55fee029ea60;
    %load/vec4 v0x55fee02b2280_0;
    %pad/u 32;
    %cmpi/e 0, 0, 32;
    %jmp/0xz  T_0.0, 4;
    %load/vec4 v0x55fee02680c0_0;
    %store/vec4 v0x55fee02b21b0_0, 0, 1;
    %jmp T_0.1;
T_0.0 ;
    %load/vec4 v0x55fee02b20f0_0;
    %store/vec4 v0x55fee02b21b0_0, 0, 1;
T_0.1 ;
    %jmp T_0;
    .thread T_0, $push;
    .scope S_0x55fee029e2c0;
T_1 ;
    %vpi_call 2 23 "$dumpfile", "mux_out.vcd" {0 0 0};
    %vpi_call 2 24 "$dumpvars", 32'sb00000000000000000000000000000000, S_0x55fee029e2c0 {0 0 0};
    %pushi/vec4 0, 0, 1;
    %store/vec4 v0x55fee02b23f0_0, 0, 1;
    %pushi/vec4 0, 0, 1;
    %store/vec4 v0x55fee02b24b0_0, 0, 1;
    %pushi/vec4 0, 0, 1;
    %store/vec4 v0x55fee02b2680_0, 0, 1;
    %delay 100, 0;
    %pushi/vec4 0, 0, 1;
    %store/vec4 v0x55fee02b23f0_0, 0, 1;
    %pushi/vec4 0, 0, 1;
    %store/vec4 v0x55fee02b24b0_0, 0, 1;
    %pushi/vec4 1, 0, 1;
    %store/vec4 v0x55fee02b2680_0, 0, 1;
    %delay 10, 0;
    %pushi/vec4 0, 0, 1;
    %store/vec4 v0x55fee02b23f0_0, 0, 1;
    %pushi/vec4 1, 0, 1;
    %store/vec4 v0x55fee02b24b0_0, 0, 1;
    %pushi/vec4 0, 0, 1;
    %store/vec4 v0x55fee02b2680_0, 0, 1;
    %delay 10, 0;
    %pushi/vec4 0, 0, 1;
    %store/vec4 v0x55fee02b23f0_0, 0, 1;
    %pushi/vec4 1, 0, 1;
    %store/vec4 v0x55fee02b24b0_0, 0, 1;
    %pushi/vec4 1, 0, 1;
    %store/vec4 v0x55fee02b2680_0, 0, 1;
    %delay 10, 0;
    %pushi/vec4 1, 0, 1;
    %store/vec4 v0x55fee02b23f0_0, 0, 1;
    %pushi/vec4 0, 0, 1;
    %store/vec4 v0x55fee02b24b0_0, 0, 1;
    %pushi/vec4 0, 0, 1;
    %store/vec4 v0x55fee02b2680_0, 0, 1;
    %delay 50, 0;
    %pushi/vec4 1, 0, 1;
    %store/vec4 v0x55fee02b23f0_0, 0, 1;
    %pushi/vec4 0, 0, 1;
    %store/vec4 v0x55fee02b24b0_0, 0, 1;
    %pushi/vec4 1, 0, 1;
    %store/vec4 v0x55fee02b2680_0, 0, 1;
    %delay 10, 0;
    %pushi/vec4 1, 0, 1;
    %store/vec4 v0x55fee02b23f0_0, 0, 1;
    %pushi/vec4 1, 0, 1;
    %store/vec4 v0x55fee02b24b0_0, 0, 1;
    %pushi/vec4 0, 0, 1;
    %store/vec4 v0x55fee02b2680_0, 0, 1;
    %delay 10, 0;
    %pushi/vec4 1, 0, 1;
    %store/vec4 v0x55fee02b23f0_0, 0, 1;
    %pushi/vec4 1, 0, 1;
    %store/vec4 v0x55fee02b24b0_0, 0, 1;
    %pushi/vec4 1, 0, 1;
    %store/vec4 v0x55fee02b2680_0, 0, 1;
    %delay 10, 0;
    %end;
    .thread T_1;
# The file index is used to find the file name in the following table.
:file_names 4;
    "N/A";
    "<interactive>";
    "mux2_tb.v";
    "mux2.v";
